TN:
SF:src\router.ts
FN:37,(anonymous_0)
FN:58,(anonymous_1)
FNF:2
FNH:2
FNDA:4,(anonymous_0)
FNDA:5,(anonymous_1)
DA:1,2
DA:2,2
DA:10,2
DA:11,2
DA:13,2
DA:16,2
DA:17,2
DA:24,2
DA:37,4
DA:44,2
DA:58,5
DA:68,2
DA:75,2
DA:82,2
LF:14
LH:14
BRF:0
BRH:0
end_of_record
TN:
SF:src\server.ts
FN:7,(anonymous_1)
FN:30,(anonymous_2)
FNF:2
FNH:2
FNDA:3,(anonymous_1)
FNDA:1,(anonymous_2)
DA:1,2
DA:2,2
DA:3,2
DA:4,2
DA:7,2
DA:8,3
DA:9,3
DA:10,2
DA:14,1
DA:20,2
DA:23,2
DA:26,2
DA:28,2
DA:30,2
DA:31,1
DA:34,2
LF:16
LH:16
BRF:0
BRH:0
end_of_record
TN:
SF:src\config\db.ts
FNF:0
FNH:0
DA:1,2
DA:2,2
DA:4,2
DA:6,2
DA:11,2
LF:5
LH:5
BRF:0
BRH:0
end_of_record
TN:
SF:src\handlers\product.ts
FN:4,(anonymous_1)
FN:18,(anonymous_2)
FN:29,(anonymous_3)
FN:35,(anonymous_4)
FN:50,(anonymous_5)
FN:65,(anonymous_6)
FNF:6
FNH:6
FNDA:2,(anonymous_1)
FNDA:2,(anonymous_2)
FNDA:1,(anonymous_3)
FNDA:2,(anonymous_4)
FNDA:2,(anonymous_5)
FNDA:2,(anonymous_6)
DA:2,2
DA:4,2
DA:5,2
DA:15,2
DA:18,2
DA:19,2
DA:20,2
DA:22,2
DA:23,1
DA:25,1
DA:29,2
DA:30,1
DA:31,1
DA:35,2
DA:36,2
DA:37,2
DA:39,2
DA:40,1
DA:44,1
DA:45,1
DA:47,1
DA:50,2
DA:51,2
DA:52,2
DA:54,2
DA:55,1
DA:59,1
DA:60,1
DA:62,1
DA:65,2
DA:66,2
DA:67,2
DA:69,2
DA:70,1
DA:73,1
DA:74,1
LF:36
LH:36
BRDA:22,0,0,1
BRDA:39,1,0,1
BRDA:54,2,0,1
BRDA:69,3,0,1
BRF:4
BRH:4
end_of_record
TN:
SF:src\middleware\index.ts
FN:4,(anonymous_0)
FNF:1
FNH:1
FNDA:17,(anonymous_0)
DA:2,2
DA:4,2
DA:9,17
DA:10,17
DA:11,8
DA:13,9
LF:6
LH:6
BRDA:10,0,0,8
BRF:1
BRH:1
end_of_record
TN:
SF:src\models\Product.model.ts
FNF:0
FNH:0
DA:1,3
DA:6,3
DA:10,3
DA:15,3
DA:21,3
DA:24,3
LF:6
LH:6
BRF:0
BRH:0
end_of_record
